<?xml version="1.0" encoding="UTF-8"?>
<!-- Generated by org.testng.reporters.JUnitReportReporter -->
<testsuite hostname="Pramod" failures="0" tests="1" name="com.opencart.testLayer.BuyFunctionality" time="125.633" errors="0" timestamp="2023-02-05T20:57:30 IST" skipped="0">
  <testcase classname="com.opencart.testLayer.BuyFunctionality" name="verifyBuyProduct" time="125.633"/>
  <system-out/>
</testsuite> <!-- com.opencart.testLayer.BuyFunctionality -->
