<?xml version="1.0" encoding="UTF-8"?>
<!-- Generated by org.testng.reporters.JUnitReportReporter -->
<testsuite hostname="DESKTOP-1CCS179" failures="0" tests="1" name="com.opencart.testBase.TestBase" time="6.829" errors="0" timestamp="2023-02-01T08:29:11 IST" skipped="0">
  <testcase classname="com.opencart.testBase.TestBase" name="setUp" time="6.829"/>
  <system-out/>
</testsuite> <!-- com.opencart.testBase.TestBase -->
