<?xml version="1.0" encoding="UTF-8"?>
<!-- Generated by org.testng.reporters.JUnitReportReporter -->
<testsuite hostname="DESKTOP-43CS9BE" failures="0" tests="1" name="com.opencart.testLayer.RegisterTest" time="13.185" errors="0" timestamp="2023-02-04T12:31:23 IST" skipped="0">
  <testcase classname="com.opencart.testLayer.RegisterTest" name="verifyRegisterFunctionality" time="13.185"/>
  <system-out/>
</testsuite> <!-- com.opencart.testLayer.RegisterTest -->
