<?xml version="1.0" encoding="UTF-8"?>
<!-- Generated by org.testng.reporters.JUnitReportReporter -->
<testsuite hostname="DESKTOP-43CS9BE" failures="0" tests="1" name="com.opencart.testBase.TestBase" time="50.027" errors="0" timestamp="2023-02-04T11:44:23 IST" skipped="0">
  <testcase classname="com.opencart.testBase.TestBase" name="setup" time="50.027"/>
  <system-out/>
</testsuite> <!-- com.opencart.testBase.TestBase -->
