<?xml version="1.0" encoding="UTF-8"?>
<!-- Generated by org.testng.reporters.JUnitReportReporter -->
<testsuite hostname="Pramod" failures="0" tests="1" name="com.opencart.testLayer.BuyFunctionality" time="50.574" errors="0" timestamp="2023-02-05T14:57:15 IST" skipped="0">
  <testcase classname="com.opencart.testLayer.BuyFunctionality" name="verifyBuyProject" time="50.574"/>
  <system-out/>
</testsuite> <!-- com.opencart.testLayer.BuyFunctionality -->
